2021-04-07 18:39:34,874	ERROR	Old instance id not in map: 000072332 Field: =LKR  \\$aHOL$b000072332$lFCL01
2021-04-07 18:39:39,241	ERROR	Old instance id not in map: 000077982 Field: =LKR  \\$aHOL$b000077982$lFCL01
2021-04-07 18:40:13,079	ERROR	Old instance id not in map: 000122725 Field: =LKR  \\$aHOL$b000122725$lFCL01
2021-04-07 18:40:49,097	ERROR	Old instance id not in map: 000170293 Field: =LKR  \\$aHOL$b000170293$lFCL01
2021-04-07 18:41:10,357	ERROR	Old instance id not in map: 000198627 Field: =LKR  \\$aHOL$b000198627$lFCL01
2021-04-07 18:42:31,778	ERROR	Old instance id not in map: 000309026 Field: =LKR  \\$aHOL$b000309026$lFCL01
2021-04-07 18:42:47,644	ERROR	Old instance id not in map: 000330496 Field: =LKR  \\$aHOL$b000330496$lFCL01
2021-04-07 18:43:01,074	ERROR	Old instance id not in map: 000348853 Field: =LKR  \\$aHOL$b000348853$lFCL01
2021-04-07 18:43:09,648	ERROR	Old instance id not in map: 000359903 Field: =LKR  \\$aHOL$b000359903$lFCL01
2021-04-07 18:43:53,070	ERROR	Old instance id not in map: 000422990 Field: =LKR  \\$aHOL$b000422990$lFCL01
2021-04-07 18:44:12,074	ERROR	Old instance id not in map: 000447897 Field: =LKR  \\$aHOL$b000447897$lFCL01
2021-04-07 18:44:12,747	ERROR	Old instance id not in map: 000259678 Field: =LKR  \\$aHOL$b000259678$lFCL01
2021-04-07 18:46:09,782	ERROR	Old instance id not in map: 000559535 Field: =LKR  \\$aHOL$b000559535$lFCL01
2021-04-07 18:49:07,905	ERROR	Old instance id not in map: 000798726 Field: =LKR  \\$aHOL$b000798726$lFCL01
2021-04-07 18:49:11,230	ERROR	Old instance id not in map: 000764625 Field: =LKR  \\$aHOL$b000764625$lFCL01
2021-04-07 18:50:22,051	ERROR	Old instance id not in map: 000905630 Field: =LKR  \\$aHOL$b000905630$lFCL01
2021-04-07 18:50:27,956	ERROR	Old instance id not in map: 000914521 Field: =LKR  \\$aHOL$b000914521$lFCL01
2021-04-07 18:52:09,452	ERROR	Old instance id not in map: 001061285 Field: =LKR  \\$aHOL$b001061285$lFCL01
2021-04-07 18:53:13,378	ERROR	Old instance id not in map: 000519032000010 Field: =LKR  \\$aITM$b000519032000010$lMHC50
2021-04-07 18:53:36,559	ERROR	Old instance id not in map: 001186833 Field: =LKR  \\$aHOL$b001186833$lFCL01
2021-04-07 18:56:26,639	ERROR	Old instance id not in map: 001429492 Field: =LKR  \\$aHOL$b001429492$lFCL01
2021-04-07 18:56:32,353	ERROR	Old instance id not in map: 001437235 Field: =LKR  \\$aHOL$b001437235$lFCL01
2021-04-07 18:58:41,778	ERROR	Old instance id not in map: 001621513 Field: =LKR  \\$aHOL$b001621513$lFCL01
2021-04-07 19:00:16,732	ERROR	Old instance id not in map: 001753533 Field: =LKR  \\$aHOL$b001753533$lFCL01
2021-04-07 19:00:34,534	ERROR	Old instance id not in map: 001777730 Field: =LKR  \\$aHOL$b001777730$lFCL01
2021-04-07 19:00:39,825	ERROR	Old instance id not in map: 001784944 Field: =LKR  \\$aHOL$b001784944$lFCL01
2021-04-07 19:00:54,631	ERROR	Old instance id not in map: 001805961 Field: =LKR  \\$aHOL$b001805961$lFCL01
2021-04-07 19:00:55,956	ERROR	Old instance id not in map: 001807895 Field: =LKR  \\$aHOL$b001807895$lFCL01
2021-04-07 19:01:09,167	ERROR	Old instance id not in map: 00310183607229330 Field: =LKR  \\$aHOL$b00310183607229330$lFCL01
2021-04-07 19:01:21,190	ERROR	Old instance id not in map: 001843746 Field: =LKR  \\$aHOL$b001843746$lFCL01
2021-04-07 19:01:26,274	ERROR	Old instance id not in map: 001850894 Field: =LKR  \\$aHOL$b001850894$lFCL01
2021-04-07 19:01:27,134	ERROR	Old instance id not in map: 001852236 Field: =LKR  \\$aHOL$b001852236$lFCL01
2021-04-07 19:01:30,803	ERROR	Old instance id not in map: 001857476 Field: =LKR  \\$aHOL$b001857476$lFCL01
2021-04-07 19:02:04,362	ERROR	Old instance id not in map: 001921646 Field: =LKR  \\$aHOL$b001921646$lFCL01
2021-04-07 19:02:26,506	ERROR	Old instance id not in map: 001730471 Field: =LKR  \\$aHOL$b001730471$lFCL01
2021-04-07 19:02:52,327	ERROR	Old instance id not in map: 001656459 Field: =LKR  \\$aHOL$b001656459$lFCL01
2021-04-07 19:03:00,547	ERROR	Old instance id not in map: 001979294 Field: =LKR  \\$aHOL$b001979294$lFCL01
2021-04-07 19:04:04,299	ERROR	Old instance id not in map: 002062130 Field: =LKR  \\$aHOL$b002062130$lFCL01
2021-04-07 19:05:19,988	ERROR	Old instance id not in map: 002155884 Field: =LKR  \\$aHOL$b002155884$lFCL01
2021-04-07 19:05:45,736	ERROR	Old instance id not in map: 797663 Field: =LKR  \\$aITM$b797663$lSMT50
2021-04-07 19:05:51,624	ERROR	Old instance id not in map: 001875977 Field: =LKR  \\$aHOL$b001875977$lFCL01
2021-04-07 19:05:53,842	ERROR	Old instance id not in map: 786397 Field: =LKR  \\$aITM$b786397$lSMT50
2021-04-07 19:07:47,917	ERROR	Old instance id not in map: 12127023 Field: =LKR  \\$aANA$b12127023$lFCL01$00
2021-04-07 19:07:49,229	ERROR	Old instance id not in map: 12127023 Field: =LKR  \\$aANA$b12127023$lFCL01$00
2021-04-07 19:14:22,380	ERROR	Old instance id not in map: 002939365 Field: =LKR  \\$aHOL$b002939365$lFCL01
2021-04-07 19:15:18,938	ERROR	Old instance id not in map: 003017648 Field: =LKR  \\$aHOL$b003017648$lFCL01
2021-04-07 19:17:03,287	ERROR	Old instance id not in map: 003167139 Field: =LKR  \\$aHOL$b003167139$lFCL01
2021-04-07 19:19:54,084	ERROR	Old instance id not in map: 003403519 Field: =LKR  \\$aHOL$b003403519$lFCL01
2021-04-07 19:20:00,875	ERROR	Old instance id not in map: 003421066 Field: =LKR  \\$aHOL$b003421066$lFCL01
2021-04-07 19:21:01,999	ERROR	Old instance id not in map: 003580878 Field: =LKR  \\$aHOL$b003580878$lFCL01
2021-04-07 19:22:23,387	ERROR	Old instance id not in map: 003406376 Field: =LKR  \\$aHOL$b003406376$lFCL01
2021-04-07 19:22:25,094	ERROR	Old instance id not in map: 003403439 Field: =LKR  \\$aHOL$b003403439$lFCL01
2021-04-07 19:22:25,111	ERROR	Old instance id not in map: 003389316 Field: =LKR  \\$aHOL$b003389316$lFCL01
2021-04-07 19:22:25,135	ERROR	Old instance id not in map: 003409645 Field: =LKR  \\$aHOL$b003409645$lFCL01
2021-04-07 19:22:26,256	ERROR	Old instance id not in map: 003401932 Field: =LKR  \\$aHOL$b003401932$lFCL01
2021-04-07 19:22:28,813	ERROR	Old instance id not in map: 003394063 Field: =LKR  \\$aHOL$b003394063$lFCL01
2021-04-07 19:22:28,821	ERROR	Old instance id not in map: 003388703 Field: =LKR  \\$aHOL$b003388703$lFCL01
2021-04-07 19:22:29,807	ERROR	Old instance id not in map: 003413362 Field: =LKR  \\$aHOL$b003413362$lFCL01
2021-04-07 19:22:30,824	ERROR	Old instance id not in map: 003431696 Field: =LKR  \\$aHOL$b003431696$lFCL01
2021-04-07 19:22:42,932	ERROR	Old instance id not in map: 003415006 Field: =LKR  \\$aHOL$b003415006$lFCL01
2021-04-07 19:22:48,067	ERROR	Old instance id not in map: 003415017 Field: =LKR  \\$aHOL$b003415017$lFCL01
2021-04-07 19:24:43,950	ERROR	Old instance id not in map: 2661735 Field: =LKR  \\$aANA$b2661735$lFCL01$v276$mThe complete works$nHistory of women
2021-04-07 19:27:18,331	ERROR	Old instance id not in map: 004094273 Field: =LKR  \\$aHOL$b004094273$lFCL01
2021-04-07 19:27:21,382	ERROR	Old instance id not in map: 004098772 Field: =LKR  \\$aHOL$b004098772$lFCL01
2021-04-07 19:30:00,989	ERROR	Old instance id not in map: 004305767 Field: =LKR  \\$aHOL$lFCL01$b004305767
2021-04-07 19:30:05,163	ERROR	Old instance id not in map: 000309026 Field: =LKR  \\$aHOL$lFCL01$b000309026
2021-04-07 19:30:25,493	ERROR	Old instance id not in map: 3306718 Field: =LKR  \\$aITM$b3306718$lUMA50$v562
2021-04-07 19:30:38,133	ERROR	Old instance id not in map: 004450943 Field: =LKR  \\$aHOL$lFCL01$b004450943
2021-04-07 19:30:40,929	ERROR	Old instance id not in map: 1644060 Field: =LKR  \\$aHOL$lFCL01$b1644060
2021-04-07 19:30:42,642	ERROR	Old instance id not in map: 004469932 Field: =LKR  \\$aHOL$lFCL01$b004469932
2021-04-07 19:31:25,929	ERROR	Old instance id not in map: 004898130 Field: =LKR  \\$aHOL$lFCL01$b004898130
2021-04-07 19:31:50,178	ERROR	Old instance id not in map: 004982939 Field: =LKR  \\$aHOL$lFCL01$b004982939
2021-04-07 19:31:53,431	ERROR	Old instance id not in map: 004986967 Field: =LKR  \\$aHOL$lFCL01$b004986967
2021-04-07 19:32:15,880	ERROR	Old instance id not in map: 004939587 Field: =LKR  \\$aHOL$lFCL01$b004939587
2021-04-07 19:32:26,751	ERROR	Old instance id not in map: UMSCA Field: =LKR  \\$aHOL$lFCL01$b010333785$bUMSCA
2021-04-07 19:32:43,826	ERROR	Old instance id not in map: 010492390 Field: =LKR  \\$aHOL$lFCL01$b010492390
2021-04-07 19:32:48,784	ERROR	Old instance id not in map: 001857476 Field: =LKR  \\$aHOL$lFCL01$b001857476
2021-04-07 19:33:09,227	ERROR	Old instance id not in map: 010551627 Field: =LKR  \\$aHOL$lFCL01$b010551627
2021-04-07 19:33:09,295	ERROR	Old instance id not in map: 010551754 Field: =LKR  \\$aHOL$lFCL01$b010551754
2021-04-07 19:33:12,771	ERROR	Old instance id not in map: 0101280240 Field: =LKR  \\$aHOL$lFCL01$b0101280240
2021-04-07 19:36:41,355	ERROR	Old instance id not in map: 011244781 Field: =LKR  \\$aHOL$lFCL01$b011244781
2021-04-07 19:40:10,727	ERROR	Old instance id not in map: 012155226 Field: =LKR  \\$aHOL$lFCL01$b012155226
2021-04-07 19:40:10,755	ERROR	Old instance id not in map: 012155272 Field: =LKR  \\$aHOL$lFCL01$b012155272
2021-04-07 19:40:10,794	ERROR	Old instance id not in map: 012155319 Field: =LKR  \\$aHOL$lFCL01$b012155319
2021-04-07 19:40:10,810	ERROR	Old instance id not in map: 012155397 Field: =LKR  \\$aHOL$lFCL01$b012155397
2021-04-07 19:40:17,876	ERROR	Old instance id not in map: 012285151 Field: =LKR  \\$aHOL$lFCL01$b012285151
2021-04-07 19:40:55,176	ERROR	Old instance id not in map: 012408984 Field: =LKR  \\$aHOL$lFCL01$b012408984
2021-04-07 19:40:58,775	ERROR	Old instance id not in map: 012457733 Field: =LKR  \\$aHOL$lFCL01$b012457733
2021-04-07 19:46:25,128	ERROR	Old instance id not in map: 013700849 Field: =LKR  \\$aHOL$lFCL01$b013700849
2021-04-07 19:46:48,396	ERROR	Old instance id not in map: 014012320 Field: =LKR  \\$aHOL$lFCL01$b014012320
2021-04-07 19:46:51,561	ERROR	Old instance id not in map: 014031253 Field: =LKR  \\$aHOL$lFCL01$b014031253
2021-04-07 19:47:24,060	ERROR	Old instance id not in map: 014074131 Field: =LKR  \\$aHOL$lFCL01$b014074131
2021-04-07 19:47:24,463	ERROR	Old instance id not in map: 000309026 Field: =LKR  \\$aHOL$lFCL01$b000309026
2021-04-07 19:47:24,464	ERROR	Old instance id not in map: 000309026 Field: =LKR  \\$aHOL$lFCL01$b000309026
2021-04-07 19:47:26,693	ERROR	Old instance id not in map: 014169027 Field: =LKR  \\$aHOL$lFCL01$b014169027
2021-04-07 19:47:51,346	ERROR	Old instance id not in map: 014596426 Field: =LKR  \\$aHOL$lFCL01$b014596426
2021-04-07 19:47:52,401	ERROR	Old instance id not in map: 014602200 Field: =LKR  \\$aHOL$lFCL01$b014602200
2021-04-07 19:48:24,905	ERROR	Old instance id not in map: 014717766 Field: =LKR  \\$aHOL$lFCL01$b014717766
2021-04-07 19:48:51,370	ERROR	Old instance id not in map: 014903868 Field: =LKR  \\$aHOL$lFCL01$b014903868
2021-04-07 19:49:01,480	ERROR	Old instance id not in map: 01499696 Field: =LKR  \\$aHOL$lFCL01$b01499696
2021-04-07 19:49:08,847	ERROR	Old instance id not in map: 015086230 Field: =LKR  \\$aHOL$lFCL01$b015086230
2021-04-07 19:49:08,847	ERROR	Old instance id not in map: 015086232 Field: =LKR  \\$aHOL$lFCL01$b015086232
2021-04-07 19:49:12,431	ERROR	Old instance id not in map: 15110229 Field: =LKR  \\$aHOL$lFCL01$b15110229
2021-04-07 19:49:22,490	ERROR	Old instance id not in map: 001089582 Field: =LKR  \\$aHOL$lFCL01$b001089582
2021-04-07 19:55:23,380	ERROR	Old instance id not in map: 015631668 Field: =LKR  \\$aHOL$lFCL01$b015631668
2021-04-07 19:55:23,716	ERROR	Old instance id not in map: 015632228 Field: =LKR  \\$aHOL$lFCL01$b015632228
2021-04-07 19:57:47,612	ERROR	Old instance id not in map: 015896979 Field: =LKR  \\$aHOL$lFCL01$b015896979
2021-04-07 19:58:57,373	ERROR	Old instance id not in map: 016019551 Field: =LKR  \\$aHOL$lFCL01$b016019551
2021-04-07 19:59:04,009	ERROR	Old instance id not in map: 016033898 Field: =LKR  \\$aHOL$lFCL01$b016033898
2021-04-07 20:00:31,835	ERROR	Old instance id not in map: 001434261 Field: =LKR  \\$aHOL$lFCL01$b001434261
2021-04-07 20:00:39,302	ERROR	Old instance id not in map: 016453904 Field: =LKR  \\$aHOL$lFCL01$b016453904
2021-04-07 20:00:47,679	ERROR	Old instance id not in map: 016476444 Field: =LKR  \\$aHOL$lFCL01$b016476444
2021-04-07 20:01:05,794	ERROR	Old instance id not in map: 016526144 Field: =LKR  \\$aHOL$lFCL01$b016526144
2021-04-07 20:03:00,013	ERROR	Old instance id not in map: 016945518 Field: =LKR  \\$aHOL$lFCL01$b016945518
2021-04-07 20:03:00,953	ERROR	Old instance id not in map: 016947374 Field: =LKR  \\$aHOL$lFCL01$b016947374
2021-04-07 20:03:09,011	ERROR	Old instance id not in map: 016989191 Field: =LKR  \\$aHOL$lFCL01$b016989191
2021-04-07 20:03:11,428	ERROR	Old instance id not in map: 016991702 Field: =LKR  \\$aHOL$lFCL01$b016991702
2021-04-07 20:03:11,717	ERROR	Old instance id not in map: 016992006 Field: =LKR  \\$aHOL$lFCL01$b016992006
2021-04-07 20:03:11,747	ERROR	Old instance id not in map: 016992038 Field: =LKR  \\$aHOL$lFCL01$b016992038
2021-04-07 20:03:13,882	ERROR	Old instance id not in map: 016994239 Field: =LKR  \\$aHOL$lFCL01$b016994239
2021-04-07 20:03:44,380	ERROR	Old instance id not in map: 017129634 Field: =LKR  \\$aHOL$lFCL01$b017129634
2021-04-07 20:07:08,838	ERROR	Old instance id not in map: 017395572 Field: =LKR  \\$aHOL$lFCL01$b017395572
2021-04-07 20:07:09,440	ERROR	Old instance id not in map: 17398352 Field: =LKR  \\$aITM$b17398352$lSMT50
2021-04-07 20:07:09,441	ERROR	Old instance id not in map: 17398352 Field: =LKR  \\$aITM$b17398352$lSMT50
2021-04-07 20:07:09,669	ERROR	Old instance id not in map: 17398941 Field: =LKR  \\$aITM$b17398941$lSMT50
2021-04-07 20:07:30,006	ERROR	Old instance id not in map: 017475728 Field: =LKR  \\$aHOL$lFCL01$b017475728
2021-04-07 20:07:33,660	ERROR	Old instance id not in map: 017502875 Field: =LKR  \\$aHOL$lFCL01$b017502875
2021-04-07 20:07:35,613	ERROR	Old instance id not in map: 017118275 Field: =LKR  \\$aHOL$lFCL01$b017118275
2021-04-07 20:07:36,001	ERROR	Old instance id not in map: 017510412 Field: =LKR  \\$aHOL$lFCL01$b017510412
2021-04-07 20:07:36,951	ERROR	Old instance id not in map: 015825832 Field: =LKR  \\$aHOL$lFCL01$b015825832
